<?xml version="1.0" encoding="UTF-8"?>
<testsuite name="DollarTest" tests="1" skipped="0" failures="0" errors="0" timestamp="2015-01-06T19:42:53" hostname="Kamils-MacBook-Pro-2.local" time="0.002">
  <properties/>
  <testcase name="testEquality" classname="DollarTest" time="0.002"/>
  <system-out><![CDATA[]]></system-out>
  <system-err><![CDATA[]]></system-err>
</testsuite>
